<?xml version="1.0" encoding="UTF-8"?>
<coverage generated="1761441942463" clover="3.2.0">
  <project timestamp="1761441942463" name="All files">
    <metrics statements="40" coveredstatements="40" conditionals="31" coveredconditionals="27" methods="7" coveredmethods="7" elements="78" coveredelements="74" complexity="0" loc="40" ncloc="40" packages="1" files="1" classes="1"/>
    <file name="cityCoords.js" path="C:\Users\arien\OneDrive\Documents\GitHub\ComeToMeSports\cityCoords.js">
      <metrics statements="40" coveredstatements="40" conditionals="31" coveredconditionals="27" methods="7" coveredmethods="7"/>
      <line num="1" count="1" type="stmt"/>
      <line num="2" count="1" type="stmt"/>
      <line num="5" count="1" type="stmt"/>
      <line num="14" count="5" type="stmt"/>
      <line num="15" count="5" type="stmt"/>
      <line num="18" count="5" type="stmt"/>
      <line num="19" count="20" type="stmt"/>
      <line num="20" count="25" type="stmt"/>
      <line num="21" count="30" type="stmt"/>
      <line num="22" count="10" type="stmt"/>
      <line num="23" count="15" type="cond" truecount="3" falsecount="0"/>
      <line num="25" count="5" type="stmt"/>
      <line num="26" count="156167" type="cond" truecount="2" falsecount="0"/>
      <line num="28" count="156166" type="stmt"/>
      <line num="29" count="156166" type="cond" truecount="1" falsecount="1"/>
      <line num="31" count="156166" type="cond" truecount="1" falsecount="1"/>
      <line num="32" count="156166" type="cond" truecount="1" falsecount="1"/>
      <line num="33" count="156166" type="cond" truecount="1" falsecount="1"/>
      <line num="35" count="156166" type="cond" truecount="2" falsecount="0"/>
      <line num="43" count="4" type="stmt"/>
      <line num="44" count="4" type="stmt"/>
      <line num="45" count="4" type="stmt"/>
      <line num="51" count="1" type="stmt"/>
      <line num="56" count="156171" type="stmt"/>
      <line num="57" count="156171" type="stmt"/>
      <line num="58" count="156171" type="stmt"/>
      <line num="60" count="156171" type="stmt"/>
      <line num="61" count="28730441" type="stmt"/>
      <line num="63" count="28730441" type="cond" truecount="2" falsecount="0"/>
      <line num="64" count="6065610" type="cond" truecount="4" falsecount="0"/>
      <line num="66" count="443454" type="stmt"/>
      <line num="67" count="443454" type="stmt"/>
      <line num="70" count="5622156" type="stmt"/>
      <line num="72" count="22664831" type="cond" truecount="4" falsecount="0"/>
      <line num="74" count="2654907" type="stmt"/>
      <line num="75" count="2654907" type="stmt"/>
      <line num="77" count="20009924" type="stmt"/>
      <line num="82" count="156171" type="stmt"/>
      <line num="83" count="156171" type="stmt"/>
      <line num="90" count="1" type="stmt"/>
    </file>
  </project>
</coverage>
