{"C:\\Users\\arien\\OneDrive\\Documents\\GitHub\\ComeToMeSports\\cityCoords.js": {"path":"C:\\Users\\arien\\OneDrive\\Documents\\GitHub\\ComeToMeSports\\cityCoords.js","statementMap":{"0":{"start":{"line":4,"column":26},"end":{"line":4,"column":30}},"1":{"start":{"line":5,"column":28},"end":{"line":5,"column":33}},"2":{"start":{"line":12,"column":4},"end":{"line":12,"column":38}},"3":{"start":{"line":12,"column":31},"end":{"line":12,"column":38}},"4":{"start":{"line":14,"column":4},"end":{"line":22,"column":5}},"5":{"start":{"line":15,"column":25},"end":{"line":15,"column":59}},"6":{"start":{"line":16,"column":24},"end":{"line":16,"column":45}},"7":{"start":{"line":17,"column":8},"end":{"line":17,"column":38}},"8":{"start":{"line":18,"column":8},"end":{"line":18,"column":37}},"9":{"start":{"line":20,"column":8},"end":{"line":20,"column":64}},"10":{"start":{"line":21,"column":8},"end":{"line":21,"column":20}},"11":{"start":{"line":33,"column":4},"end":{"line":35,"column":5}},"12":{"start":{"line":34,"column":8},"end":{"line":34,"column":36}},"13":{"start":{"line":37,"column":4},"end":{"line":40,"column":5}},"14":{"start":{"line":38,"column":8},"end":{"line":38,"column":61}},"15":{"start":{"line":39,"column":8},"end":{"line":39,"column":20}},"16":{"start":{"line":42,"column":18},"end":{"line":42,"column":49}},"17":{"start":{"line":45,"column":20},"end":{"line":45,"column":42}},"18":{"start":{"line":46,"column":20},"end":{"line":46,"column":70}},"19":{"start":{"line":46,"column":43},"end":{"line":46,"column":69}},"20":{"start":{"line":47,"column":23},"end":{"line":47,"column":77}},"21":{"start":{"line":47,"column":46},"end":{"line":47,"column":76}},"22":{"start":{"line":48,"column":25},"end":{"line":48,"column":81}},"23":{"start":{"line":48,"column":48},"end":{"line":48,"column":80}},"24":{"start":{"line":49,"column":19},"end":{"line":49,"column":68}},"25":{"start":{"line":49,"column":42},"end":{"line":49,"column":67}},"26":{"start":{"line":50,"column":19},"end":{"line":50,"column":127}},"27":{"start":{"line":50,"column":42},"end":{"line":50,"column":126}},"28":{"start":{"line":52,"column":4},"end":{"line":77,"column":5}},"29":{"start":{"line":52,"column":17},"end":{"line":52,"column":18}},"30":{"start":{"line":53,"column":8},"end":{"line":53,"column":39}},"31":{"start":{"line":53,"column":30},"end":{"line":53,"column":39}},"32":{"start":{"line":55,"column":21},"end":{"line":55,"column":43}},"33":{"start":{"line":56,"column":8},"end":{"line":56,"column":97}},"34":{"start":{"line":56,"column":88},"end":{"line":56,"column":97}},"35":{"start":{"line":58,"column":24},"end":{"line":58,"column":65}},"36":{"start":{"line":59,"column":27},"end":{"line":59,"column":74}},"37":{"start":{"line":60,"column":29},"end":{"line":60,"column":80}},"38":{"start":{"line":62,"column":8},"end":{"line":76,"column":9}},"39":{"start":{"line":70,"column":24},"end":{"line":70,"column":48}},"40":{"start":{"line":71,"column":24},"end":{"line":71,"column":48}},"41":{"start":{"line":72,"column":12},"end":{"line":75,"column":14}},"42":{"start":{"line":78,"column":4},"end":{"line":78,"column":16}},"43":{"start":{"line":83,"column":4},"end":{"line":86,"column":5}},"44":{"start":{"line":84,"column":8},"end":{"line":84,"column":101}},"45":{"start":{"line":85,"column":8},"end":{"line":85,"column":20}},"46":{"start":{"line":88,"column":18},"end":{"line":88,"column":49}},"47":{"start":{"line":91,"column":20},"end":{"line":91,"column":42}},"48":{"start":{"line":92,"column":20},"end":{"line":92,"column":70}},"49":{"start":{"line":92,"column":43},"end":{"line":92,"column":69}},"50":{"start":{"line":93,"column":23},"end":{"line":93,"column":77}},"51":{"start":{"line":93,"column":46},"end":{"line":93,"column":76}},"52":{"start":{"line":94,"column":25},"end":{"line":94,"column":81}},"53":{"start":{"line":94,"column":48},"end":{"line":94,"column":80}},"54":{"start":{"line":95,"column":19},"end":{"line":95,"column":68}},"55":{"start":{"line":95,"column":42},"end":{"line":95,"column":67}},"56":{"start":{"line":96,"column":19},"end":{"line":96,"column":127}},"57":{"start":{"line":96,"column":42},"end":{"line":96,"column":126}},"58":{"start":{"line":98,"column":4},"end":{"line":123,"column":5}},"59":{"start":{"line":98,"column":17},"end":{"line":98,"column":18}},"60":{"start":{"line":99,"column":8},"end":{"line":99,"column":39}},"61":{"start":{"line":99,"column":30},"end":{"line":99,"column":39}},"62":{"start":{"line":101,"column":21},"end":{"line":101,"column":43}},"63":{"start":{"line":102,"column":8},"end":{"line":102,"column":97}},"64":{"start":{"line":102,"column":88},"end":{"line":102,"column":97}},"65":{"start":{"line":104,"column":24},"end":{"line":104,"column":65}},"66":{"start":{"line":105,"column":27},"end":{"line":105,"column":74}},"67":{"start":{"line":106,"column":29},"end":{"line":106,"column":80}},"68":{"start":{"line":108,"column":8},"end":{"line":122,"column":9}},"69":{"start":{"line":116,"column":24},"end":{"line":116,"column":48}},"70":{"start":{"line":117,"column":24},"end":{"line":117,"column":48}},"71":{"start":{"line":118,"column":12},"end":{"line":121,"column":14}},"72":{"start":{"line":124,"column":4},"end":{"line":124,"column":16}},"73":{"start":{"line":129,"column":19},"end":{"line":129,"column":21}},"74":{"start":{"line":130,"column":18},"end":{"line":130,"column":20}},"75":{"start":{"line":131,"column":19},"end":{"line":131,"column":24}},"76":{"start":{"line":133,"column":4},"end":{"line":152,"column":5}},"77":{"start":{"line":133,"column":17},"end":{"line":133,"column":18}},"78":{"start":{"line":134,"column":21},"end":{"line":134,"column":28}},"79":{"start":{"line":136,"column":8},"end":{"line":151,"column":9}},"80":{"start":{"line":137,"column":12},"end":{"line":144,"column":13}},"81":{"start":{"line":139,"column":16},"end":{"line":139,"column":31}},"82":{"start":{"line":140,"column":16},"end":{"line":140,"column":20}},"83":{"start":{"line":143,"column":16},"end":{"line":143,"column":37}},"84":{"start":{"line":145,"column":15},"end":{"line":151,"column":9}},"85":{"start":{"line":147,"column":12},"end":{"line":147,"column":40}},"86":{"start":{"line":148,"column":12},"end":{"line":148,"column":25}},"87":{"start":{"line":150,"column":12},"end":{"line":150,"column":28}},"88":{"start":{"line":155,"column":4},"end":{"line":155,"column":32}},"89":{"start":{"line":156,"column":4},"end":{"line":156,"column":18}},"90":{"start":{"line":160,"column":0},"end":{"line":208,"column":1}},"91":{"start":{"line":161,"column":15},"end":{"line":161,"column":28}},"92":{"start":{"line":162,"column":17},"end":{"line":162,"column":32}},"93":{"start":{"line":166,"column":25},"end":{"line":166,"column":68}},"94":{"start":{"line":167,"column":21},"end":{"line":167,"column":54}},"95":{"start":{"line":168,"column":22},"end":{"line":168,"column":38}},"96":{"start":{"line":171,"column":24},"end":{"line":171,"column":46}},"97":{"start":{"line":172,"column":24},"end":{"line":172,"column":74}},"98":{"start":{"line":172,"column":47},"end":{"line":172,"column":73}},"99":{"start":{"line":173,"column":27},"end":{"line":173,"column":81}},"100":{"start":{"line":173,"column":50},"end":{"line":173,"column":80}},"101":{"start":{"line":174,"column":29},"end":{"line":174,"column":85}},"102":{"start":{"line":174,"column":52},"end":{"line":174,"column":84}},"103":{"start":{"line":175,"column":23},"end":{"line":175,"column":72}},"104":{"start":{"line":175,"column":46},"end":{"line":175,"column":71}},"105":{"start":{"line":176,"column":23},"end":{"line":176,"column":131}},"106":{"start":{"line":176,"column":46},"end":{"line":176,"column":130}},"107":{"start":{"line":178,"column":8},"end":{"line":203,"column":9}},"108":{"start":{"line":178,"column":21},"end":{"line":178,"column":22}},"109":{"start":{"line":179,"column":12},"end":{"line":179,"column":43}},"110":{"start":{"line":179,"column":34},"end":{"line":179,"column":43}},"111":{"start":{"line":181,"column":25},"end":{"line":181,"column":47}},"112":{"start":{"line":182,"column":12},"end":{"line":182,"column":101}},"113":{"start":{"line":182,"column":92},"end":{"line":182,"column":101}},"114":{"start":{"line":184,"column":28},"end":{"line":184,"column":69}},"115":{"start":{"line":185,"column":31},"end":{"line":185,"column":78}},"116":{"start":{"line":186,"column":33},"end":{"line":186,"column":84}},"117":{"start":{"line":188,"column":12},"end":{"line":202,"column":13}},"118":{"start":{"line":196,"column":28},"end":{"line":196,"column":52}},"119":{"start":{"line":197,"column":28},"end":{"line":197,"column":52}},"120":{"start":{"line":198,"column":16},"end":{"line":201,"column":18}},"121":{"start":{"line":204,"column":8},"end":{"line":204,"column":20}},"122":{"start":{"line":207,"column":4},"end":{"line":207,"column":58}}},"fnMap":{"0":{"name":"loadCityCoordinates","decl":{"start":{"line":11,"column":15},"end":{"line":11,"column":34}},"loc":{"start":{"line":11,"column":37},"end":{"line":23,"column":1}},"line":11},"1":{"name":"getCityCoords","decl":{"start":{"line":31,"column":15},"end":{"line":31,"column":28}},"loc":{"start":{"line":31,"column":42},"end":{"line":79,"column":1}},"line":31},"2":{"name":"(anonymous_2)","decl":{"start":{"line":46,"column":38},"end":{"line":46,"column":39}},"loc":{"start":{"line":46,"column":43},"end":{"line":46,"column":69}},"line":46},"3":{"name":"(anonymous_3)","decl":{"start":{"line":47,"column":41},"end":{"line":47,"column":42}},"loc":{"start":{"line":47,"column":46},"end":{"line":47,"column":76}},"line":47},"4":{"name":"(anonymous_4)","decl":{"start":{"line":48,"column":43},"end":{"line":48,"column":44}},"loc":{"start":{"line":48,"column":48},"end":{"line":48,"column":80}},"line":48},"5":{"name":"(anonymous_5)","decl":{"start":{"line":49,"column":37},"end":{"line":49,"column":38}},"loc":{"start":{"line":49,"column":42},"end":{"line":49,"column":67}},"line":49},"6":{"name":"(anonymous_6)","decl":{"start":{"line":50,"column":37},"end":{"line":50,"column":38}},"loc":{"start":{"line":50,"column":42},"end":{"line":50,"column":126}},"line":50},"7":{"name":"getCityCoordsSync","decl":{"start":{"line":82,"column":9},"end":{"line":82,"column":26}},"loc":{"start":{"line":82,"column":40},"end":{"line":125,"column":1}},"line":82},"8":{"name":"(anonymous_8)","decl":{"start":{"line":92,"column":38},"end":{"line":92,"column":39}},"loc":{"start":{"line":92,"column":43},"end":{"line":92,"column":69}},"line":92},"9":{"name":"(anonymous_9)","decl":{"start":{"line":93,"column":41},"end":{"line":93,"column":42}},"loc":{"start":{"line":93,"column":46},"end":{"line":93,"column":76}},"line":93},"10":{"name":"(anonymous_10)","decl":{"start":{"line":94,"column":43},"end":{"line":94,"column":44}},"loc":{"start":{"line":94,"column":48},"end":{"line":94,"column":80}},"line":94},"11":{"name":"(anonymous_11)","decl":{"start":{"line":95,"column":37},"end":{"line":95,"column":38}},"loc":{"start":{"line":95,"column":42},"end":{"line":95,"column":67}},"line":95},"12":{"name":"(anonymous_12)","decl":{"start":{"line":96,"column":37},"end":{"line":96,"column":38}},"loc":{"start":{"line":96,"column":42},"end":{"line":96,"column":126}},"line":96},"13":{"name":"parseCSVLine","decl":{"start":{"line":128,"column":9},"end":{"line":128,"column":21}},"loc":{"start":{"line":128,"column":28},"end":{"line":157,"column":1}},"line":128},"14":{"name":"getCityCoordsNode","decl":{"start":{"line":165,"column":13},"end":{"line":165,"column":30}},"loc":{"start":{"line":165,"column":44},"end":{"line":205,"column":5}},"line":165},"15":{"name":"(anonymous_15)","decl":{"start":{"line":172,"column":42},"end":{"line":172,"column":43}},"loc":{"start":{"line":172,"column":47},"end":{"line":172,"column":73}},"line":172},"16":{"name":"(anonymous_16)","decl":{"start":{"line":173,"column":45},"end":{"line":173,"column":46}},"loc":{"start":{"line":173,"column":50},"end":{"line":173,"column":80}},"line":173},"17":{"name":"(anonymous_17)","decl":{"start":{"line":174,"column":47},"end":{"line":174,"column":48}},"loc":{"start":{"line":174,"column":52},"end":{"line":174,"column":84}},"line":174},"18":{"name":"(anonymous_18)","decl":{"start":{"line":175,"column":41},"end":{"line":175,"column":42}},"loc":{"start":{"line":175,"column":46},"end":{"line":175,"column":71}},"line":175},"19":{"name":"(anonymous_19)","decl":{"start":{"line":176,"column":41},"end":{"line":176,"column":42}},"loc":{"start":{"line":176,"column":46},"end":{"line":176,"column":130}},"line":176}},"branchMap":{"0":{"loc":{"start":{"line":12,"column":4},"end":{"line":12,"column":38}},"type":"if","locations":[{"start":{"line":12,"column":4},"end":{"line":12,"column":38}},{"start":{},"end":{}}],"line":12},"1":{"loc":{"start":{"line":33,"column":4},"end":{"line":35,"column":5}},"type":"if","locations":[{"start":{"line":33,"column":4},"end":{"line":35,"column":5}},{"start":{},"end":{}}],"line":33},"2":{"loc":{"start":{"line":37,"column":4},"end":{"line":40,"column":5}},"type":"if","locations":[{"start":{"line":37,"column":4},"end":{"line":40,"column":5}},{"start":{},"end":{}}],"line":37},"3":{"loc":{"start":{"line":50,"column":42},"end":{"line":50,"column":126}},"type":"binary-expr","locations":[{"start":{"line":50,"column":42},"end":{"line":50,"column":67}},{"start":{"line":50,"column":71},"end":{"line":50,"column":96}},{"start":{"line":50,"column":100},"end":{"line":50,"column":126}}],"line":50},"4":{"loc":{"start":{"line":53,"column":8},"end":{"line":53,"column":39}},"type":"if","locations":[{"start":{"line":53,"column":8},"end":{"line":53,"column":39}},{"start":{},"end":{}}],"line":53},"5":{"loc":{"start":{"line":56,"column":8},"end":{"line":56,"column":97}},"type":"if","locations":[{"start":{"line":56,"column":8},"end":{"line":56,"column":97}},{"start":{},"end":{}}],"line":56},"6":{"loc":{"start":{"line":58,"column":24},"end":{"line":58,"column":65}},"type":"cond-expr","locations":[{"start":{"line":58,"column":40},"end":{"line":58,"column":60}},{"start":{"line":58,"column":63},"end":{"line":58,"column":65}}],"line":58},"7":{"loc":{"start":{"line":59,"column":27},"end":{"line":59,"column":74}},"type":"cond-expr","locations":[{"start":{"line":59,"column":46},"end":{"line":59,"column":69}},{"start":{"line":59,"column":72},"end":{"line":59,"column":74}}],"line":59},"8":{"loc":{"start":{"line":60,"column":29},"end":{"line":60,"column":80}},"type":"cond-expr","locations":[{"start":{"line":60,"column":50},"end":{"line":60,"column":75}},{"start":{"line":60,"column":78},"end":{"line":60,"column":80}}],"line":60},"9":{"loc":{"start":{"line":62,"column":8},"end":{"line":76,"column":9}},"type":"if","locations":[{"start":{"line":62,"column":8},"end":{"line":76,"column":9}},{"start":{},"end":{}}],"line":62},"10":{"loc":{"start":{"line":63,"column":12},"end":{"line":68,"column":13}},"type":"binary-expr","locations":[{"start":{"line":63,"column":12},"end":{"line":63,"column":19}},{"start":{"line":64,"column":12},"end":{"line":64,"column":63}},{"start":{"line":66,"column":17},"end":{"line":66,"column":27}},{"start":{"line":66,"column":31},"end":{"line":66,"column":86}},{"start":{"line":67,"column":17},"end":{"line":67,"column":29}},{"start":{"line":67,"column":33},"end":{"line":67,"column":90}}],"line":63},"11":{"loc":{"start":{"line":83,"column":4},"end":{"line":86,"column":5}},"type":"if","locations":[{"start":{"line":83,"column":4},"end":{"line":86,"column":5}},{"start":{},"end":{}}],"line":83},"12":{"loc":{"start":{"line":83,"column":8},"end":{"line":83,"column":54}},"type":"binary-expr","locations":[{"start":{"line":83,"column":8},"end":{"line":83,"column":30}},{"start":{"line":83,"column":34},"end":{"line":83,"column":54}}],"line":83},"13":{"loc":{"start":{"line":96,"column":42},"end":{"line":96,"column":126}},"type":"binary-expr","locations":[{"start":{"line":96,"column":42},"end":{"line":96,"column":67}},{"start":{"line":96,"column":71},"end":{"line":96,"column":96}},{"start":{"line":96,"column":100},"end":{"line":96,"column":126}}],"line":96},"14":{"loc":{"start":{"line":99,"column":8},"end":{"line":99,"column":39}},"type":"if","locations":[{"start":{"line":99,"column":8},"end":{"line":99,"column":39}},{"start":{},"end":{}}],"line":99},"15":{"loc":{"start":{"line":102,"column":8},"end":{"line":102,"column":97}},"type":"if","locations":[{"start":{"line":102,"column":8},"end":{"line":102,"column":97}},{"start":{},"end":{}}],"line":102},"16":{"loc":{"start":{"line":104,"column":24},"end":{"line":104,"column":65}},"type":"cond-expr","locations":[{"start":{"line":104,"column":40},"end":{"line":104,"column":60}},{"start":{"line":104,"column":63},"end":{"line":104,"column":65}}],"line":104},"17":{"loc":{"start":{"line":105,"column":27},"end":{"line":105,"column":74}},"type":"cond-expr","locations":[{"start":{"line":105,"column":46},"end":{"line":105,"column":69}},{"start":{"line":105,"column":72},"end":{"line":105,"column":74}}],"line":105},"18":{"loc":{"start":{"line":106,"column":29},"end":{"line":106,"column":80}},"type":"cond-expr","locations":[{"start":{"line":106,"column":50},"end":{"line":106,"column":75}},{"start":{"line":106,"column":78},"end":{"line":106,"column":80}}],"line":106},"19":{"loc":{"start":{"line":108,"column":8},"end":{"line":122,"column":9}},"type":"if","locations":[{"start":{"line":108,"column":8},"end":{"line":122,"column":9}},{"start":{},"end":{}}],"line":108},"20":{"loc":{"start":{"line":109,"column":12},"end":{"line":114,"column":13}},"type":"binary-expr","locations":[{"start":{"line":109,"column":12},"end":{"line":109,"column":19}},{"start":{"line":110,"column":12},"end":{"line":110,"column":63}},{"start":{"line":112,"column":17},"end":{"line":112,"column":27}},{"start":{"line":112,"column":31},"end":{"line":112,"column":86}},{"start":{"line":113,"column":17},"end":{"line":113,"column":29}},{"start":{"line":113,"column":33},"end":{"line":113,"column":90}}],"line":109},"21":{"loc":{"start":{"line":136,"column":8},"end":{"line":151,"column":9}},"type":"if","locations":[{"start":{"line":136,"column":8},"end":{"line":151,"column":9}},{"start":{"line":145,"column":15},"end":{"line":151,"column":9}}],"line":136},"22":{"loc":{"start":{"line":137,"column":12},"end":{"line":144,"column":13}},"type":"if","locations":[{"start":{"line":137,"column":12},"end":{"line":144,"column":13}},{"start":{"line":141,"column":19},"end":{"line":144,"column":13}}],"line":137},"23":{"loc":{"start":{"line":137,"column":16},"end":{"line":137,"column":47}},"type":"binary-expr","locations":[{"start":{"line":137,"column":16},"end":{"line":137,"column":24}},{"start":{"line":137,"column":28},"end":{"line":137,"column":47}}],"line":137},"24":{"loc":{"start":{"line":145,"column":15},"end":{"line":151,"column":9}},"type":"if","locations":[{"start":{"line":145,"column":15},"end":{"line":151,"column":9}},{"start":{"line":149,"column":15},"end":{"line":151,"column":9}}],"line":145},"25":{"loc":{"start":{"line":145,"column":19},"end":{"line":145,"column":44}},"type":"binary-expr","locations":[{"start":{"line":145,"column":19},"end":{"line":145,"column":31}},{"start":{"line":145,"column":35},"end":{"line":145,"column":44}}],"line":145},"26":{"loc":{"start":{"line":160,"column":0},"end":{"line":208,"column":1}},"type":"if","locations":[{"start":{"line":160,"column":0},"end":{"line":208,"column":1}},{"start":{},"end":{}}],"line":160},"27":{"loc":{"start":{"line":160,"column":4},"end":{"line":160,"column":51}},"type":"binary-expr","locations":[{"start":{"line":160,"column":4},"end":{"line":160,"column":33}},{"start":{"line":160,"column":37},"end":{"line":160,"column":51}}],"line":160},"28":{"loc":{"start":{"line":176,"column":46},"end":{"line":176,"column":130}},"type":"binary-expr","locations":[{"start":{"line":176,"column":46},"end":{"line":176,"column":71}},{"start":{"line":176,"column":75},"end":{"line":176,"column":100}},{"start":{"line":176,"column":104},"end":{"line":176,"column":130}}],"line":176},"29":{"loc":{"start":{"line":179,"column":12},"end":{"line":179,"column":43}},"type":"if","locations":[{"start":{"line":179,"column":12},"end":{"line":179,"column":43}},{"start":{},"end":{}}],"line":179},"30":{"loc":{"start":{"line":182,"column":12},"end":{"line":182,"column":101}},"type":"if","locations":[{"start":{"line":182,"column":12},"end":{"line":182,"column":101}},{"start":{},"end":{}}],"line":182},"31":{"loc":{"start":{"line":184,"column":28},"end":{"line":184,"column":69}},"type":"cond-expr","locations":[{"start":{"line":184,"column":44},"end":{"line":184,"column":64}},{"start":{"line":184,"column":67},"end":{"line":184,"column":69}}],"line":184},"32":{"loc":{"start":{"line":185,"column":31},"end":{"line":185,"column":78}},"type":"cond-expr","locations":[{"start":{"line":185,"column":50},"end":{"line":185,"column":73}},{"start":{"line":185,"column":76},"end":{"line":185,"column":78}}],"line":185},"33":{"loc":{"start":{"line":186,"column":33},"end":{"line":186,"column":84}},"type":"cond-expr","locations":[{"start":{"line":186,"column":54},"end":{"line":186,"column":79}},{"start":{"line":186,"column":82},"end":{"line":186,"column":84}}],"line":186},"34":{"loc":{"start":{"line":188,"column":12},"end":{"line":202,"column":13}},"type":"if","locations":[{"start":{"line":188,"column":12},"end":{"line":202,"column":13}},{"start":{},"end":{}}],"line":188},"35":{"loc":{"start":{"line":189,"column":16},"end":{"line":194,"column":17}},"type":"binary-expr","locations":[{"start":{"line":189,"column":16},"end":{"line":189,"column":23}},{"start":{"line":190,"column":16},"end":{"line":190,"column":67}},{"start":{"line":192,"column":21},"end":{"line":192,"column":31}},{"start":{"line":192,"column":35},"end":{"line":192,"column":90}},{"start":{"line":193,"column":21},"end":{"line":193,"column":33}},{"start":{"line":193,"column":37},"end":{"line":193,"column":94}}],"line":189}},"s":{"0":1,"1":1,"2":0,"3":0,"4":0,"5":0,"6":0,"7":0,"8":0,"9":0,"10":0,"11":0,"12":0,"13":0,"14":0,"15":0,"16":0,"17":0,"18":0,"19":0,"20":0,"21":0,"22":0,"23":0,"24":0,"25":0,"26":0,"27":0,"28":0,"29":0,"30":0,"31":0,"32":0,"33":0,"34":0,"35":0,"36":0,"37":0,"38":0,"39":0,"40":0,"41":0,"42":0,"43":0,"44":0,"45":0,"46":0,"47":0,"48":0,"49":0,"50":0,"51":0,"52":0,"53":0,"54":0,"55":0,"56":0,"57":0,"58":0,"59":0,"60":0,"61":0,"62":0,"63":0,"64":0,"65":0,"66":0,"67":0,"68":0,"69":0,"70":0,"71":0,"72":0,"73":187149,"74":187149,"75":187149,"76":187149,"77":187149,"78":34432305,"79":34432305,"80":7268864,"81":531500,"82":531500,"83":6737364,"84":27163441,"85":3181533,"86":3181533,"87":23981908,"88":187149,"89":187149,"90":1,"91":1,"92":1,"93":6,"94":6,"95":6,"96":6,"97":6,"98":24,"99":6,"100":30,"101":6,"102":36,"103":6,"104":12,"105":6,"106":18,"107":6,"108":6,"109":187144,"110":1,"111":187143,"112":187143,"113":0,"114":187143,"115":187143,"116":187143,"117":187143,"118":5,"119":5,"120":5,"121":1,"122":1},"f":{"0":0,"1":0,"2":0,"3":0,"4":0,"5":0,"6":0,"7":0,"8":0,"9":0,"10":0,"11":0,"12":0,"13":187149,"14":6,"15":24,"16":30,"17":36,"18":12,"19":18},"b":{"0":[0,0],"1":[0,0],"2":[0,0],"3":[0,0,0],"4":[0,0],"5":[0,0],"6":[0,0],"7":[0,0],"8":[0,0],"9":[0,0],"10":[0,0,0,0,0,0],"11":[0,0],"12":[0,0],"13":[0,0,0],"14":[0,0],"15":[0,0],"16":[0,0],"17":[0,0],"18":[0,0],"19":[0,0],"20":[0,0,0,0,0,0],"21":[7268864,27163441],"22":[531500,6737364],"23":[7268864,3900182],"24":[3181533,23981908],"25":[27163441,3260140],"26":[1,0],"27":[1,1],"28":[18,12,12],"29":[1,187143],"30":[0,187143],"31":[187143,0],"32":[187143,0],"33":[187143,0],"34":[5,187138],"35":[187143,187143,6,6,2,2]},"_coverageSchema":"1a1c01bbd47fc00a2c39e90264f33305004495a9","hash":"566d90babfacb1e9a59878b8744dbdecba19633d"}
}
