{"C:\\Users\\arien\\OneDrive\\Documents\\GitHub\\ComeToMeSports\\cityCoords.js": {"path":"C:\\Users\\arien\\OneDrive\\Documents\\GitHub\\ComeToMeSports\\cityCoords.js","statementMap":{"0":{"start":{"line":1,"column":11},"end":{"line":1,"column":24}},"1":{"start":{"line":2,"column":13},"end":{"line":2,"column":28}},"2":{"start":{"line":5,"column":17},"end":{"line":5,"column":60}},"3":{"start":{"line":14,"column":17},"end":{"line":14,"column":50}},"4":{"start":{"line":15,"column":18},"end":{"line":15,"column":34}},"5":{"start":{"line":18,"column":20},"end":{"line":18,"column":42}},"6":{"start":{"line":19,"column":20},"end":{"line":19,"column":70}},"7":{"start":{"line":19,"column":43},"end":{"line":19,"column":69}},"8":{"start":{"line":20,"column":23},"end":{"line":20,"column":77}},"9":{"start":{"line":20,"column":46},"end":{"line":20,"column":76}},"10":{"start":{"line":21,"column":25},"end":{"line":21,"column":81}},"11":{"start":{"line":21,"column":48},"end":{"line":21,"column":80}},"12":{"start":{"line":22,"column":19},"end":{"line":22,"column":68}},"13":{"start":{"line":22,"column":42},"end":{"line":22,"column":67}},"14":{"start":{"line":23,"column":19},"end":{"line":23,"column":127}},"15":{"start":{"line":23,"column":42},"end":{"line":23,"column":126}},"16":{"start":{"line":25,"column":4},"end":{"line":50,"column":5}},"17":{"start":{"line":25,"column":17},"end":{"line":25,"column":18}},"18":{"start":{"line":26,"column":8},"end":{"line":26,"column":39}},"19":{"start":{"line":26,"column":30},"end":{"line":26,"column":39}},"20":{"start":{"line":28,"column":21},"end":{"line":28,"column":43}},"21":{"start":{"line":29,"column":8},"end":{"line":29,"column":97}},"22":{"start":{"line":29,"column":88},"end":{"line":29,"column":97}},"23":{"start":{"line":31,"column":24},"end":{"line":31,"column":65}},"24":{"start":{"line":32,"column":27},"end":{"line":32,"column":74}},"25":{"start":{"line":33,"column":29},"end":{"line":33,"column":80}},"26":{"start":{"line":35,"column":8},"end":{"line":49,"column":9}},"27":{"start":{"line":43,"column":24},"end":{"line":43,"column":48}},"28":{"start":{"line":44,"column":24},"end":{"line":44,"column":48}},"29":{"start":{"line":45,"column":12},"end":{"line":48,"column":14}},"30":{"start":{"line":51,"column":4},"end":{"line":51,"column":16}},"31":{"start":{"line":56,"column":19},"end":{"line":56,"column":21}},"32":{"start":{"line":57,"column":18},"end":{"line":57,"column":20}},"33":{"start":{"line":58,"column":19},"end":{"line":58,"column":24}},"34":{"start":{"line":60,"column":4},"end":{"line":79,"column":5}},"35":{"start":{"line":60,"column":17},"end":{"line":60,"column":18}},"36":{"start":{"line":61,"column":21},"end":{"line":61,"column":28}},"37":{"start":{"line":63,"column":8},"end":{"line":78,"column":9}},"38":{"start":{"line":64,"column":12},"end":{"line":71,"column":13}},"39":{"start":{"line":66,"column":16},"end":{"line":66,"column":31}},"40":{"start":{"line":67,"column":16},"end":{"line":67,"column":20}},"41":{"start":{"line":70,"column":16},"end":{"line":70,"column":37}},"42":{"start":{"line":72,"column":15},"end":{"line":78,"column":9}},"43":{"start":{"line":74,"column":12},"end":{"line":74,"column":40}},"44":{"start":{"line":75,"column":12},"end":{"line":75,"column":25}},"45":{"start":{"line":77,"column":12},"end":{"line":77,"column":28}},"46":{"start":{"line":82,"column":4},"end":{"line":82,"column":32}},"47":{"start":{"line":83,"column":4},"end":{"line":83,"column":18}},"48":{"start":{"line":90,"column":0},"end":{"line":90,"column":35}}},"fnMap":{"0":{"name":"getCityCoords","decl":{"start":{"line":13,"column":9},"end":{"line":13,"column":22}},"loc":{"start":{"line":13,"column":36},"end":{"line":52,"column":1}},"line":13},"1":{"name":"(anonymous_1)","decl":{"start":{"line":19,"column":38},"end":{"line":19,"column":39}},"loc":{"start":{"line":19,"column":43},"end":{"line":19,"column":69}},"line":19},"2":{"name":"(anonymous_2)","decl":{"start":{"line":20,"column":41},"end":{"line":20,"column":42}},"loc":{"start":{"line":20,"column":46},"end":{"line":20,"column":76}},"line":20},"3":{"name":"(anonymous_3)","decl":{"start":{"line":21,"column":43},"end":{"line":21,"column":44}},"loc":{"start":{"line":21,"column":48},"end":{"line":21,"column":80}},"line":21},"4":{"name":"(anonymous_4)","decl":{"start":{"line":22,"column":37},"end":{"line":22,"column":38}},"loc":{"start":{"line":22,"column":42},"end":{"line":22,"column":67}},"line":22},"5":{"name":"(anonymous_5)","decl":{"start":{"line":23,"column":37},"end":{"line":23,"column":38}},"loc":{"start":{"line":23,"column":42},"end":{"line":23,"column":126}},"line":23},"6":{"name":"parseCSVLine","decl":{"start":{"line":55,"column":9},"end":{"line":55,"column":21}},"loc":{"start":{"line":55,"column":28},"end":{"line":84,"column":1}},"line":55}},"branchMap":{"0":{"loc":{"start":{"line":23,"column":42},"end":{"line":23,"column":126}},"type":"binary-expr","locations":[{"start":{"line":23,"column":42},"end":{"line":23,"column":67}},{"start":{"line":23,"column":71},"end":{"line":23,"column":96}},{"start":{"line":23,"column":100},"end":{"line":23,"column":126}}],"line":23},"1":{"loc":{"start":{"line":26,"column":8},"end":{"line":26,"column":39}},"type":"if","locations":[{"start":{"line":26,"column":8},"end":{"line":26,"column":39}},{"start":{},"end":{}}],"line":26},"2":{"loc":{"start":{"line":29,"column":8},"end":{"line":29,"column":97}},"type":"if","locations":[{"start":{"line":29,"column":8},"end":{"line":29,"column":97}},{"start":{},"end":{}}],"line":29},"3":{"loc":{"start":{"line":31,"column":24},"end":{"line":31,"column":65}},"type":"cond-expr","locations":[{"start":{"line":31,"column":40},"end":{"line":31,"column":60}},{"start":{"line":31,"column":63},"end":{"line":31,"column":65}}],"line":31},"4":{"loc":{"start":{"line":32,"column":27},"end":{"line":32,"column":74}},"type":"cond-expr","locations":[{"start":{"line":32,"column":46},"end":{"line":32,"column":69}},{"start":{"line":32,"column":72},"end":{"line":32,"column":74}}],"line":32},"5":{"loc":{"start":{"line":33,"column":29},"end":{"line":33,"column":80}},"type":"cond-expr","locations":[{"start":{"line":33,"column":50},"end":{"line":33,"column":75}},{"start":{"line":33,"column":78},"end":{"line":33,"column":80}}],"line":33},"6":{"loc":{"start":{"line":35,"column":8},"end":{"line":49,"column":9}},"type":"if","locations":[{"start":{"line":35,"column":8},"end":{"line":49,"column":9}},{"start":{},"end":{}}],"line":35},"7":{"loc":{"start":{"line":36,"column":12},"end":{"line":41,"column":13}},"type":"binary-expr","locations":[{"start":{"line":36,"column":12},"end":{"line":36,"column":19}},{"start":{"line":37,"column":12},"end":{"line":37,"column":63}},{"start":{"line":39,"column":17},"end":{"line":39,"column":27}},{"start":{"line":39,"column":31},"end":{"line":39,"column":86}},{"start":{"line":40,"column":17},"end":{"line":40,"column":29}},{"start":{"line":40,"column":33},"end":{"line":40,"column":90}}],"line":36},"8":{"loc":{"start":{"line":63,"column":8},"end":{"line":78,"column":9}},"type":"if","locations":[{"start":{"line":63,"column":8},"end":{"line":78,"column":9}},{"start":{"line":72,"column":15},"end":{"line":78,"column":9}}],"line":63},"9":{"loc":{"start":{"line":64,"column":12},"end":{"line":71,"column":13}},"type":"if","locations":[{"start":{"line":64,"column":12},"end":{"line":71,"column":13}},{"start":{"line":68,"column":19},"end":{"line":71,"column":13}}],"line":64},"10":{"loc":{"start":{"line":64,"column":16},"end":{"line":64,"column":47}},"type":"binary-expr","locations":[{"start":{"line":64,"column":16},"end":{"line":64,"column":24}},{"start":{"line":64,"column":28},"end":{"line":64,"column":47}}],"line":64},"11":{"loc":{"start":{"line":72,"column":15},"end":{"line":78,"column":9}},"type":"if","locations":[{"start":{"line":72,"column":15},"end":{"line":78,"column":9}},{"start":{"line":76,"column":15},"end":{"line":78,"column":9}}],"line":72},"12":{"loc":{"start":{"line":72,"column":19},"end":{"line":72,"column":44}},"type":"binary-expr","locations":[{"start":{"line":72,"column":19},"end":{"line":72,"column":31}},{"start":{"line":72,"column":35},"end":{"line":72,"column":44}}],"line":72}},"s":{"0":1,"1":1,"2":1,"3":5,"4":5,"5":5,"6":5,"7":20,"8":5,"9":25,"10":5,"11":30,"12":5,"13":10,"14":5,"15":15,"16":5,"17":5,"18":156167,"19":1,"20":156166,"21":156166,"22":0,"23":156166,"24":156166,"25":156166,"26":156166,"27":4,"28":4,"29":4,"30":1,"31":156171,"32":156171,"33":156171,"34":156171,"35":156171,"36":28730441,"37":28730441,"38":6065610,"39":443454,"40":443454,"41":5622156,"42":22664831,"43":2654907,"44":2654907,"45":20009924,"46":156171,"47":156171,"48":1},"f":{"0":5,"1":20,"2":25,"3":30,"4":10,"5":15,"6":156171},"b":{"0":[15,10,10],"1":[1,156166],"2":[0,156166],"3":[156166,0],"4":[156166,0],"5":[156166,0],"6":[4,156162],"7":[156166,156166,4,4,1,1],"8":[6065610,22664831],"9":[443454,5622156],"10":[6065610,3254532],"11":[2654907,20009924],"12":[22664831,2720468]},"_coverageSchema":"1a1c01bbd47fc00a2c39e90264f33305004495a9","hash":"c6e8bbd06f78ceec44386dbd4efd00c37b4086f0"}
}
