TN:
SF:cityCoords.js
FN:13,getCityCoords
FN:19,(anonymous_1)
FN:20,(anonymous_2)
FN:21,(anonymous_3)
FN:22,(anonymous_4)
FN:23,(anonymous_5)
FN:55,parseCSVLine
FNF:7
FNH:7
FNDA:5,getCityCoords
FNDA:20,(anonymous_1)
FNDA:25,(anonymous_2)
FNDA:30,(anonymous_3)
FNDA:10,(anonymous_4)
FNDA:15,(anonymous_5)
FNDA:156171,parseCSVLine
DA:1,1
DA:2,1
DA:5,1
DA:14,5
DA:15,5
DA:18,5
DA:19,20
DA:20,25
DA:21,30
DA:22,10
DA:23,15
DA:25,5
DA:26,156167
DA:28,156166
DA:29,156166
DA:31,156166
DA:32,156166
DA:33,156166
DA:35,156166
DA:43,4
DA:44,4
DA:45,4
DA:51,1
DA:56,156171
DA:57,156171
DA:58,156171
DA:60,156171
DA:61,28730441
DA:63,28730441
DA:64,6065610
DA:66,443454
DA:67,443454
DA:70,5622156
DA:72,22664831
DA:74,2654907
DA:75,2654907
DA:77,20009924
DA:82,156171
DA:83,156171
DA:90,1
LF:40
LH:40
BRDA:23,0,0,15
BRDA:23,0,1,10
BRDA:23,0,2,10
BRDA:26,1,0,1
BRDA:26,1,1,156166
BRDA:29,2,0,0
BRDA:29,2,1,156166
BRDA:31,3,0,156166
BRDA:31,3,1,0
BRDA:32,4,0,156166
BRDA:32,4,1,0
BRDA:33,5,0,156166
BRDA:33,5,1,0
BRDA:35,6,0,4
BRDA:35,6,1,156162
BRDA:36,7,0,156166
BRDA:36,7,1,156166
BRDA:36,7,2,4
BRDA:36,7,3,4
BRDA:36,7,4,1
BRDA:36,7,5,1
BRDA:63,8,0,6065610
BRDA:63,8,1,22664831
BRDA:64,9,0,443454
BRDA:64,9,1,5622156
BRDA:64,10,0,6065610
BRDA:64,10,1,3254532
BRDA:72,11,0,2654907
BRDA:72,11,1,20009924
BRDA:72,12,0,22664831
BRDA:72,12,1,2720468
BRF:31
BRH:27
end_of_record
