TN:
SF:cityCoords.js
FN:13,getCityCoords
FN:18,(anonymous_1)
FN:19,(anonymous_2)
FN:20,(anonymous_3)
FN:21,(anonymous_4)
FN:22,(anonymous_5)
FNF:6
FNH:6
FNDA:5,getCityCoords
FNDA:90,(anonymous_1)
FNDA:90,(anonymous_2)
FNDA:90,(anonymous_3)
FNDA:90,(anonymous_4)
FNDA:90,(anonymous_5)
DA:1,1
DA:2,1
DA:5,1
DA:14,5
DA:15,5
DA:17,5
DA:18,90
DA:19,90
DA:20,90
DA:21,90
DA:22,90
DA:24,5
DA:25,168915
DA:26,168915
DA:34,0
DA:40,5
DA:47,1
LF:17
LH:16
BRDA:22,0,0,90
BRDA:22,0,1,90
BRDA:22,0,2,90
BRDA:26,1,0,0
BRDA:26,1,1,168915
BRDA:27,2,0,168915
BRDA:27,2,1,0
BRDA:27,2,2,0
BRDA:27,2,3,0
BRDA:27,2,4,0
BRDA:27,2,5,0
BRDA:27,2,6,0
BRDA:27,2,7,0
BRF:13
BRH:5
end_of_record
